<?xml version="1.0" encoding="UTF-8"?>
<!-- Generated by org.testng.reporters.JUnitReportReporter -->
<testsuite hostname="DESKTOP-U1BFEHF" failures="0" tests="3" name="com.demowebshop.testscripts.RegisterTest" time="57.784" errors="0" timestamp="2024-02-21T11:29:07 IST" skipped="0">
  <testcase classname="com.demowebshop.testscripts.RegisterTest" name="TC_Register_001" time="22.173">
    <system-out>
      <![CDATA[User not registered]]>
    </system-out>
  </testcase> <!-- TC_Register_001 -->
  <testcase classname="com.demowebshop.testscripts.RegisterTest" name="TC_Register_001" time="21.995">
    <system-out>
      <![CDATA[User not registered]]>
    </system-out>
  </testcase> <!-- TC_Register_001 -->
  <testcase classname="com.demowebshop.testscripts.RegisterTest" name="TC_Register_001" time="13.616"/>
  <system-out>
    <![CDATA[User not registered
User not registered]]>
  </system-out>
</testsuite> <!-- com.demowebshop.testscripts.RegisterTest -->
