<?xml version="1.0" encoding="UTF-8"?>
<!-- Generated by org.testng.reporters.JUnitReportReporter -->
<testsuite hostname="DESKTOP-U1BFEHF" failures="0" tests="1" name="com.demowebshop.testscripts.AddToCartTest" time="34.341" errors="0" timestamp="2024-02-21T17:41:02 IST" skipped="0">
  <testcase classname="com.demowebshop.testscripts.AddToCartTest" name="TC_ShoppingCart_001" time="34.341"/>
</testsuite> <!-- com.demowebshop.testscripts.AddToCartTest -->
